<?xml version="1.0" encoding="UTF-8"?>
<!-- Generated by org.testng.reporters.JUnitReportReporter -->
<testsuite skipped="0" hostname="DESKTOP-NGMPCSL" name="test.Test99GuruLogin" tests="3" failures="0" timestamp="02 Jun 2019 13:31:53 GMT" time="5.824" errors="0">
  <testcase name="Login_to_Gtpl_Bank" time="4.761" classname="test.Test99GuruLogin"/>
  <testcase name="Verify_Whether_Gtpl_Bank_Dashboard_is_Correct" time="0.021" classname="test.Test99GuruLogin"/>
  <testcase name="Logout_of_Gtpl_Bank" time="1.042" classname="test.Test99GuruLogin"/>
</testsuite> <!-- test.Test99GuruLogin -->
