<?xml version="1.0" encoding="UTF-8"?>
<!-- Generated by org.testng.reporters.JUnitReportReporter -->
<testsuite skipped="0" hostname="DESKTOP-NGMPCSL" name="test.Login" tests="3" failures="0" timestamp="02 Jun 2019 13:33:00 GMT" time="6.772" errors="0">
  <testcase name="Login_to_Gtpl_Bank" time="5.707" classname="test.Login"/>
  <testcase name="Verify_Whether_Gtpl_Bank_Dashboard_is_Correct" time="0.020" classname="test.Login"/>
  <testcase name="Logout_of_Gtpl_Bank" time="1.045" classname="test.Login"/>
</testsuite> <!-- test.Login -->
