<?xml version="1.0" encoding="UTF-8"?>
<!-- Generated by org.testng.reporters.JUnitReportReporter -->
<testsuite skipped="0" hostname="DESKTOP-NGMPCSL" name="test.Gtpl_Bank_Login" tests="3" failures="0" timestamp="02 Jun 2019 13:37:56 GMT" time="6.047" errors="0">
  <testcase name="Login_to_Gtpl_Bank" time="5.023" classname="test.Gtpl_Bank_Login"/>
  <testcase name="Verify_Whether_Gtpl_Bank_Dashboard_is_Correct" time="0.024" classname="test.Gtpl_Bank_Login"/>
  <testcase name="Logout_of_Gtpl_Bank" time="1.000" classname="test.Gtpl_Bank_Login"/>
</testsuite> <!-- test.Gtpl_Bank_Login -->
